2020-10-12 14:09:31.463 INFO  [main] o.s.c.a.AnnotationConfigApplicationContext - Refreshing org.springframework.context.annotation.AnnotationConfigApplicationContext@3fc2959f: startup date [Mon Oct 12 14:09:31 EEST 2020]; root of context hierarchy
2020-10-12 14:09:31.669 INFO  [main] o.s.c.s.PostProcessorRegistrationDelegate$BeanPostProcessorChecker - Bean 'configurationPropertiesRebinderAutoConfiguration' of type [org.springframework.cloud.autoconfigure.ConfigurationPropertiesRebinderAutoConfiguration$$EnhancerBySpringCGLIB$$8e1959d7] is not eligible for getting processed by all BeanPostProcessors (for example: not eligible for auto-proxying)
2020-10-12 14:09:41.820 INFO  [main] c.c.r.f.ForecastWeatherApplication - No active profile set, falling back to default profiles: default
2020-10-12 14:09:41.833 INFO  [main] o.s.b.w.s.c.AnnotationConfigServletWebServerApplicationContext - Refreshing org.springframework.boot.web.servlet.context.AnnotationConfigServletWebServerApplicationContext@6304101a: startup date [Mon Oct 12 14:09:41 EEST 2020]; parent: org.springframework.context.annotation.AnnotationConfigApplicationContext@3fc2959f
2020-10-12 14:09:42.487 INFO  [main] o.s.d.r.c.RepositoryConfigurationDelegate - Multiple Spring Data modules found, entering strict repository configuration mode!
2020-10-12 14:09:42.848 INFO  [main] o.s.cloud.context.scope.GenericScope - BeanFactory id=ff178f33-430d-338f-82e5-c17a03b3aa5e
2020-10-12 14:09:43.252 INFO  [main] o.s.c.s.PostProcessorRegistrationDelegate$BeanPostProcessorChecker - Bean 'org.springframework.cloud.autoconfigure.ConfigurationPropertiesRebinderAutoConfiguration' of type [org.springframework.cloud.autoconfigure.ConfigurationPropertiesRebinderAutoConfiguration$$EnhancerBySpringCGLIB$$8e1959d7] is not eligible for getting processed by all BeanPostProcessors (for example: not eligible for auto-proxying)
2020-10-12 14:09:43.678 INFO  [main] o.s.b.w.e.tomcat.TomcatWebServer - Tomcat initialized with port(s): 8080 (http)
2020-10-12 14:09:43.698 INFO  [main] o.a.catalina.core.StandardService - Starting service [Tomcat]
2020-10-12 14:09:43.698 INFO  [main] o.a.catalina.core.StandardEngine - Starting Servlet Engine: Apache Tomcat/8.5.34
2020-10-12 14:09:43.702 INFO  [localhost-startStop-1] o.a.c.core.AprLifecycleListener - The APR based Apache Tomcat Native library which allows optimal performance in production environments was not found on the java.library.path: [/Users/boburumurzokov/Library/Java/Extensions:/Library/Java/Extensions:/Network/Library/Java/Extensions:/System/Library/Java/Extensions:/usr/lib/java:.]
2020-10-12 14:09:43.813 INFO  [localhost-startStop-1] o.a.c.c.C.[Tomcat].[localhost].[/] - Initializing Spring embedded WebApplicationContext
2020-10-12 14:09:43.813 INFO  [localhost-startStop-1] o.s.web.context.ContextLoader - Root WebApplicationContext: initialization completed in 1980 ms
2020-10-12 14:09:44.021 INFO  [localhost-startStop-1] o.s.b.w.s.FilterRegistrationBean - Mapping filter: 'characterEncodingFilter' to: [/*]
2020-10-12 14:09:44.022 INFO  [localhost-startStop-1] o.s.b.w.s.FilterRegistrationBean - Mapping filter: 'hiddenHttpMethodFilter' to: [/*]
2020-10-12 14:09:44.022 INFO  [localhost-startStop-1] o.s.b.w.s.FilterRegistrationBean - Mapping filter: 'httpPutFormContentFilter' to: [/*]
2020-10-12 14:09:44.022 INFO  [localhost-startStop-1] o.s.b.w.s.FilterRegistrationBean - Mapping filter: 'requestContextFilter' to: [/*]
2020-10-12 14:09:44.023 INFO  [localhost-startStop-1] o.s.b.w.s.DelegatingFilterProxyRegistrationBean - Mapping filter: 'springSecurityFilterChain' to: [/*]
2020-10-12 14:09:44.023 INFO  [localhost-startStop-1] o.s.b.w.s.FilterRegistrationBean - Mapping filter: 'shallowEtagHeaderFilter' to urls: [/weather/*]
2020-10-12 14:09:44.023 INFO  [localhost-startStop-1] o.s.b.w.s.ServletRegistrationBean - Servlet dispatcherServlet mapped to [/]
2020-10-12 14:09:44.694 INFO  [main] o.s.w.s.m.m.a.RequestMappingHandlerMapping - Mapped "{[/weather/generateToken],methods=[POST]}" onto public com.cloudator.restapp.forecastweather.controller.dto.ServiceResponse<java.lang.String> com.cloudator.restapp.forecastweather.controller.ForecastWeatherController.generateToken(com.cloudator.restapp.forecastweather.controller.dto.ServiceRequest<java.lang.String>)
2020-10-12 14:09:44.695 INFO  [main] o.s.w.s.m.m.a.RequestMappingHandlerMapping - Mapped "{[/weather/data],methods=[POST]}" onto public com.cloudator.restapp.forecastweather.controller.dto.ServiceResponse<com.cloudator.restapp.forecastweather.model.ForecastWeatherMetrics> com.cloudator.restapp.forecastweather.controller.ForecastWeatherController.getForecastWeatherMetric(com.cloudator.restapp.forecastweather.controller.dto.ServiceRequest<com.cloudator.restapp.forecastweather.model.City>)
2020-10-12 14:09:44.698 INFO  [main] o.s.w.s.m.m.a.RequestMappingHandlerMapping - Mapped "{[/swagger-resources/configuration/security]}" onto public org.springframework.http.ResponseEntity<springfox.documentation.swagger.web.SecurityConfiguration> springfox.documentation.swagger.web.ApiResourceController.securityConfiguration()
2020-10-12 14:09:44.699 INFO  [main] o.s.w.s.m.m.a.RequestMappingHandlerMapping - Mapped "{[/swagger-resources/configuration/ui]}" onto public org.springframework.http.ResponseEntity<springfox.documentation.swagger.web.UiConfiguration> springfox.documentation.swagger.web.ApiResourceController.uiConfiguration()
2020-10-12 14:09:44.699 INFO  [main] o.s.w.s.m.m.a.RequestMappingHandlerMapping - Mapped "{[/swagger-resources]}" onto public org.springframework.http.ResponseEntity<java.util.List<springfox.documentation.swagger.web.SwaggerResource>> springfox.documentation.swagger.web.ApiResourceController.swaggerResources()
2020-10-12 14:09:44.702 INFO  [main] o.s.w.s.m.m.a.RequestMappingHandlerMapping - Mapped "{[/error],produces=[text/html]}" onto public org.springframework.web.servlet.ModelAndView org.springframework.boot.autoconfigure.web.servlet.error.BasicErrorController.errorHtml(javax.servlet.http.HttpServletRequest,javax.servlet.http.HttpServletResponse)
2020-10-12 14:09:44.702 INFO  [main] o.s.w.s.m.m.a.RequestMappingHandlerMapping - Mapped "{[/error]}" onto public org.springframework.http.ResponseEntity<java.util.Map<java.lang.String, java.lang.Object>> org.springframework.boot.autoconfigure.web.servlet.error.BasicErrorController.error(javax.servlet.http.HttpServletRequest)
2020-10-12 14:09:44.843 INFO  [main] s.d.s.w.PropertySourcedRequestMappingHandlerMapping - Mapped URL path [/v2/api-docs] onto method [public org.springframework.http.ResponseEntity<springfox.documentation.spring.web.json.Json> springfox.documentation.swagger2.web.Swagger2Controller.getDocumentation(java.lang.String,javax.servlet.http.HttpServletRequest)]
2020-10-12 14:09:44.886 WARN  [main] o.s.c.n.a.ArchaiusAutoConfiguration - No spring.application.name found, defaulting to 'application'
2020-10-12 14:09:44.889 WARN  [main] c.n.c.sources.URLConfigurationSource - No URLs will be polled as dynamic configuration sources.
2020-10-12 14:09:44.889 INFO  [main] c.n.c.sources.URLConfigurationSource - To enable URLs as dynamic configuration sources, define System property archaius.configurationSource.additionalUrls or make config.properties available on classpath.
2020-10-12 14:09:44.894 WARN  [main] c.n.c.sources.URLConfigurationSource - No URLs will be polled as dynamic configuration sources.
2020-10-12 14:09:44.894 INFO  [main] c.n.c.sources.URLConfigurationSource - To enable URLs as dynamic configuration sources, define System property archaius.configurationSource.additionalUrls or make config.properties available on classpath.
2020-10-12 14:09:44.997 INFO  [main] o.s.w.s.h.SimpleUrlHandlerMapping - Mapped URL path [/**/favicon.ico] onto handler of type [class org.springframework.web.servlet.resource.ResourceHttpRequestHandler]
2020-10-12 14:09:45.195 INFO  [main] o.s.w.s.m.m.a.RequestMappingHandlerAdapter - Looking for @ControllerAdvice: org.springframework.boot.web.servlet.context.AnnotationConfigServletWebServerApplicationContext@6304101a: startup date [Mon Oct 12 14:09:41 EEST 2020]; parent: org.springframework.context.annotation.AnnotationConfigApplicationContext@3fc2959f
2020-10-12 14:09:45.268 INFO  [main] o.s.w.s.h.SimpleUrlHandlerMapping - Mapped URL path [/webjars/**] onto handler of type [class org.springframework.web.servlet.resource.ResourceHttpRequestHandler]
2020-10-12 14:09:45.268 INFO  [main] o.s.w.s.h.SimpleUrlHandlerMapping - Mapped URL path [/**] onto handler of type [class org.springframework.web.servlet.resource.ResourceHttpRequestHandler]
2020-10-12 14:09:46.096 INFO  [main] o.s.s.web.DefaultSecurityFilterChain - Creating filter chain: org.springframework.security.web.util.matcher.AnyRequestMatcher@1, [org.springframework.security.web.context.request.async.WebAsyncManagerIntegrationFilter@14fc9bd, org.springframework.security.web.context.SecurityContextPersistenceFilter@62d40e31, org.springframework.security.web.header.HeaderWriterFilter@5a1dddba, org.springframework.security.web.authentication.logout.LogoutFilter@42297bdf, org.springframework.security.web.authentication.www.BasicAuthenticationFilter@17222c11, org.springframework.security.web.savedrequest.RequestCacheAwareFilter@3086f480, org.springframework.security.web.servletapi.SecurityContextHolderAwareRequestFilter@6282b9f5, org.springframework.security.web.authentication.AnonymousAuthenticationFilter@7ed49a7f, org.springframework.security.web.session.SessionManagementFilter@1142d377, org.springframework.security.web.access.ExceptionTranslationFilter@76973a6, org.springframework.security.web.access.intercept.FilterSecurityInterceptor@74960e9d]
2020-10-12 14:09:46.240 INFO  [main] o.s.j.e.a.AnnotationMBeanExporter - Registering beans for JMX exposure on startup
2020-10-12 14:09:46.250 INFO  [main] o.s.j.e.a.AnnotationMBeanExporter - Bean with name 'refreshScope' has been autodetected for JMX exposure
2020-10-12 14:09:46.252 INFO  [main] o.s.j.e.a.AnnotationMBeanExporter - Bean with name 'configurationPropertiesRebinder' has been autodetected for JMX exposure
2020-10-12 14:09:46.253 INFO  [main] o.s.j.e.a.AnnotationMBeanExporter - Bean with name 'environmentManager' has been autodetected for JMX exposure
2020-10-12 14:09:46.256 INFO  [main] o.s.j.e.a.AnnotationMBeanExporter - Located managed bean 'environmentManager': registering with JMX server as MBean [org.springframework.cloud.context.environment:name=environmentManager,type=EnvironmentManager]
2020-10-12 14:09:46.273 INFO  [main] o.s.j.e.a.AnnotationMBeanExporter - Located managed bean 'refreshScope': registering with JMX server as MBean [org.springframework.cloud.context.scope.refresh:name=refreshScope,type=RefreshScope]
2020-10-12 14:09:46.283 INFO  [main] o.s.j.e.a.AnnotationMBeanExporter - Located managed bean 'configurationPropertiesRebinder': registering with JMX server as MBean [org.springframework.cloud.context.properties:name=configurationPropertiesRebinder,context=6304101a,type=ConfigurationPropertiesRebinder]
2020-10-12 14:09:46.296 INFO  [main] o.s.c.s.DefaultLifecycleProcessor - Starting beans in phase 2147483647
2020-10-12 14:09:46.296 INFO  [main] s.d.s.w.p.DocumentationPluginsBootstrapper - Context refreshed
2020-10-12 14:09:46.319 INFO  [main] s.d.s.w.p.DocumentationPluginsBootstrapper - Found 1 custom documentation plugin(s)
2020-10-12 14:09:46.371 INFO  [main] s.d.s.w.s.ApiListingReferenceScanner - Scanning for api listing references
2020-10-12 14:09:46.681 INFO  [main] o.s.b.w.e.tomcat.TomcatWebServer - Tomcat started on port(s): 8080 (http) with context path ''
2020-10-12 14:09:46.686 INFO  [main] c.c.r.f.ForecastWeatherApplication - Started ForecastWeatherApplication in 25.641 seconds (JVM running for 31.429)
2020-10-12 14:09:55.371 INFO  [http-nio-8080-exec-1] o.a.c.c.C.[Tomcat].[localhost].[/] - Initializing Spring FrameworkServlet 'dispatcherServlet'
2020-10-12 14:09:55.371 INFO  [http-nio-8080-exec-1] o.s.web.servlet.DispatcherServlet - FrameworkServlet 'dispatcherServlet': initialization started
2020-10-12 14:09:55.414 INFO  [http-nio-8080-exec-1] o.s.web.servlet.DispatcherServlet - FrameworkServlet 'dispatcherServlet': initialization completed in 43 ms
2020-10-12 14:11:15.787 ERROR [http-nio-8080-exec-7] c.c.r.f.c.exception.ExceptionHandler - ServiceError{uuid='eff1bef3-601f-47a6-af90-52cf30ed474f', type='java.lang.IllegalArgumentException', message='The required parameter is null for method: 'getForecastWeatherMetric'', rootCause='The required parameter is null'}
java.lang.IllegalArgumentException: The required parameter is null
	at com.cloudator.restapp.forecastweather.controller.BaseController.checkParameter(BaseController.java:18)
	at com.cloudator.restapp.forecastweather.controller.BaseController.checkCityParameter(BaseController.java:23)
	at com.cloudator.restapp.forecastweather.controller.ForecastWeatherController.getForecastWeatherMetric(ForecastWeatherController.java:80)
	at sun.reflect.NativeMethodAccessorImpl.invoke0(Native Method)
	at sun.reflect.NativeMethodAccessorImpl.invoke(NativeMethodAccessorImpl.java:62)
	at sun.reflect.DelegatingMethodAccessorImpl.invoke(DelegatingMethodAccessorImpl.java:43)
	at java.lang.reflect.Method.invoke(Method.java:498)
	at org.springframework.web.method.support.InvocableHandlerMethod.doInvoke(InvocableHandlerMethod.java:209)
	at org.springframework.web.method.support.InvocableHandlerMethod.invokeForRequest(InvocableHandlerMethod.java:136)
	at org.springframework.web.servlet.mvc.method.annotation.ServletInvocableHandlerMethod.invokeAndHandle(ServletInvocableHandlerMethod.java:102)
	at org.springframework.web.servlet.mvc.method.annotation.RequestMappingHandlerAdapter.invokeHandlerMethod(RequestMappingHandlerAdapter.java:891)
	at org.springframework.web.servlet.mvc.method.annotation.RequestMappingHandlerAdapter.handleInternal(RequestMappingHandlerAdapter.java:797)
	at org.springframework.web.servlet.mvc.method.AbstractHandlerMethodAdapter.handle(AbstractHandlerMethodAdapter.java:87)
	at org.springframework.web.servlet.DispatcherServlet.doDispatch(DispatcherServlet.java:991)
	at org.springframework.web.servlet.DispatcherServlet.doService(DispatcherServlet.java:925)
	at org.springframework.web.servlet.FrameworkServlet.processRequest(FrameworkServlet.java:974)
	at org.springframework.web.servlet.FrameworkServlet.doPost(FrameworkServlet.java:877)
	at javax.servlet.http.HttpServlet.service(HttpServlet.java:661)
	at org.springframework.web.servlet.FrameworkServlet.service(FrameworkServlet.java:851)
	at javax.servlet.http.HttpServlet.service(HttpServlet.java:742)
	at org.apache.catalina.core.ApplicationFilterChain.internalDoFilter(ApplicationFilterChain.java:231)
	at org.apache.catalina.core.ApplicationFilterChain.doFilter(ApplicationFilterChain.java:166)
	at org.apache.tomcat.websocket.server.WsFilter.doFilter(WsFilter.java:52)
	at org.apache.catalina.core.ApplicationFilterChain.internalDoFilter(ApplicationFilterChain.java:193)
	at org.apache.catalina.core.ApplicationFilterChain.doFilter(ApplicationFilterChain.java:166)
	at org.springframework.web.filter.ShallowEtagHeaderFilter.doFilterInternal(ShallowEtagHeaderFilter.java:108)
	at org.springframework.web.filter.OncePerRequestFilter.doFilter(OncePerRequestFilter.java:107)
	at org.apache.catalina.core.ApplicationFilterChain.internalDoFilter(ApplicationFilterChain.java:193)
	at org.apache.catalina.core.ApplicationFilterChain.doFilter(ApplicationFilterChain.java:166)
	at org.springframework.security.web.FilterChainProxy$VirtualFilterChain.doFilter(FilterChainProxy.java:320)
	at org.springframework.security.web.access.intercept.FilterSecurityInterceptor.invoke(FilterSecurityInterceptor.java:127)
	at org.springframework.security.web.access.intercept.FilterSecurityInterceptor.doFilter(FilterSecurityInterceptor.java:91)
	at org.springframework.security.web.FilterChainProxy$VirtualFilterChain.doFilter(FilterChainProxy.java:334)
	at org.springframework.security.web.access.ExceptionTranslationFilter.doFilter(ExceptionTranslationFilter.java:119)
	at org.springframework.security.web.FilterChainProxy$VirtualFilterChain.doFilter(FilterChainProxy.java:334)
	at org.springframework.security.web.session.SessionManagementFilter.doFilter(SessionManagementFilter.java:137)
	at org.springframework.security.web.FilterChainProxy$VirtualFilterChain.doFilter(FilterChainProxy.java:334)
	at org.springframework.security.web.authentication.AnonymousAuthenticationFilter.doFilter(AnonymousAuthenticationFilter.java:111)
	at org.springframework.security.web.FilterChainProxy$VirtualFilterChain.doFilter(FilterChainProxy.java:334)
	at org.springframework.security.web.servletapi.SecurityContextHolderAwareRequestFilter.doFilter(SecurityContextHolderAwareRequestFilter.java:170)
	at org.springframework.security.web.FilterChainProxy$VirtualFilterChain.doFilter(FilterChainProxy.java:334)
	at org.springframework.security.web.savedrequest.RequestCacheAwareFilter.doFilter(RequestCacheAwareFilter.java:63)
	at org.springframework.security.web.FilterChainProxy$VirtualFilterChain.doFilter(FilterChainProxy.java:334)
	at org.springframework.security.web.authentication.www.BasicAuthenticationFilter.doFilterInternal(BasicAuthenticationFilter.java:215)
	at org.springframework.web.filter.OncePerRequestFilter.doFilter(OncePerRequestFilter.java:107)
	at org.springframework.security.web.FilterChainProxy$VirtualFilterChain.doFilter(FilterChainProxy.java:334)
	at org.springframework.security.web.authentication.logout.LogoutFilter.doFilter(LogoutFilter.java:116)
	at org.springframework.security.web.FilterChainProxy$VirtualFilterChain.doFilter(FilterChainProxy.java:334)
	at org.springframework.security.web.header.HeaderWriterFilter.doFilterInternal(HeaderWriterFilter.java:66)
	at org.springframework.web.filter.OncePerRequestFilter.doFilter(OncePerRequestFilter.java:107)
	at org.springframework.security.web.FilterChainProxy$VirtualFilterChain.doFilter(FilterChainProxy.java:334)
	at org.springframework.security.web.context.SecurityContextPersistenceFilter.doFilter(SecurityContextPersistenceFilter.java:105)
	at org.springframework.security.web.FilterChainProxy$VirtualFilterChain.doFilter(FilterChainProxy.java:334)
	at org.springframework.security.web.context.request.async.WebAsyncManagerIntegrationFilter.doFilterInternal(WebAsyncManagerIntegrationFilter.java:56)
	at org.springframework.web.filter.OncePerRequestFilter.doFilter(OncePerRequestFilter.java:107)
	at org.springframework.security.web.FilterChainProxy$VirtualFilterChain.doFilter(FilterChainProxy.java:334)
	at org.springframework.security.web.FilterChainProxy.doFilterInternal(FilterChainProxy.java:215)
	at org.springframework.security.web.FilterChainProxy.doFilter(FilterChainProxy.java:178)
	at org.springframework.web.filter.DelegatingFilterProxy.invokeDelegate(DelegatingFilterProxy.java:357)
	at org.springframework.web.filter.DelegatingFilterProxy.doFilter(DelegatingFilterProxy.java:270)
	at org.apache.catalina.core.ApplicationFilterChain.internalDoFilter(ApplicationFilterChain.java:193)
	at org.apache.catalina.core.ApplicationFilterChain.doFilter(ApplicationFilterChain.java:166)
	at org.springframework.web.filter.RequestContextFilter.doFilterInternal(RequestContextFilter.java:99)
	at org.springframework.web.filter.OncePerRequestFilter.doFilter(OncePerRequestFilter.java:107)
	at org.apache.catalina.core.ApplicationFilterChain.internalDoFilter(ApplicationFilterChain.java:193)
	at org.apache.catalina.core.ApplicationFilterChain.doFilter(ApplicationFilterChain.java:166)
	at org.springframework.web.filter.HttpPutFormContentFilter.doFilterInternal(HttpPutFormContentFilter.java:109)
	at org.springframework.web.filter.OncePerRequestFilter.doFilter(OncePerRequestFilter.java:107)
	at org.apache.catalina.core.ApplicationFilterChain.internalDoFilter(ApplicationFilterChain.java:193)
	at org.apache.catalina.core.ApplicationFilterChain.doFilter(ApplicationFilterChain.java:166)
	at org.springframework.web.filter.HiddenHttpMethodFilter.doFilterInternal(HiddenHttpMethodFilter.java:93)
	at org.springframework.web.filter.OncePerRequestFilter.doFilter(OncePerRequestFilter.java:107)
	at org.apache.catalina.core.ApplicationFilterChain.internalDoFilter(ApplicationFilterChain.java:193)
	at org.apache.catalina.core.ApplicationFilterChain.doFilter(ApplicationFilterChain.java:166)
	at org.springframework.web.filter.CharacterEncodingFilter.doFilterInternal(CharacterEncodingFilter.java:200)
	at org.springframework.web.filter.OncePerRequestFilter.doFilter(OncePerRequestFilter.java:107)
	at org.apache.catalina.core.ApplicationFilterChain.internalDoFilter(ApplicationFilterChain.java:193)
	at org.apache.catalina.core.ApplicationFilterChain.doFilter(ApplicationFilterChain.java:166)
	at org.apache.catalina.core.StandardWrapperValve.invoke(StandardWrapperValve.java:198)
	at org.apache.catalina.core.StandardContextValve.invoke(StandardContextValve.java:96)
	at org.apache.catalina.authenticator.AuthenticatorBase.invoke(AuthenticatorBase.java:493)
	at org.apache.catalina.core.StandardHostValve.invoke(StandardHostValve.java:140)
	at org.apache.catalina.valves.ErrorReportValve.invoke(ErrorReportValve.java:81)
	at org.apache.catalina.core.StandardEngineValve.invoke(StandardEngineValve.java:87)
	at org.apache.catalina.connector.CoyoteAdapter.service(CoyoteAdapter.java:342)
	at org.apache.coyote.http11.Http11Processor.service(Http11Processor.java:800)
	at org.apache.coyote.AbstractProcessorLight.process(AbstractProcessorLight.java:66)
	at org.apache.coyote.AbstractProtocol$ConnectionHandler.process(AbstractProtocol.java:806)
	at org.apache.tomcat.util.net.NioEndpoint$SocketProcessor.doRun(NioEndpoint.java:1498)
	at org.apache.tomcat.util.net.SocketProcessorBase.run(SocketProcessorBase.java:49)
	at java.util.concurrent.ThreadPoolExecutor.runWorker(ThreadPoolExecutor.java:1149)
	at java.util.concurrent.ThreadPoolExecutor$Worker.run(ThreadPoolExecutor.java:624)
	at org.apache.tomcat.util.threads.TaskThread$WrappingRunnable.run(TaskThread.java:61)
	at java.lang.Thread.run(Thread.java:748)
2020-10-12 14:44:01.650 INFO  [main] o.s.c.a.AnnotationConfigApplicationContext - Refreshing org.springframework.context.annotation.AnnotationConfigApplicationContext@2d1ef81a: startup date [Mon Oct 12 14:44:01 EEST 2020]; root of context hierarchy
2020-10-12 14:44:01.831 INFO  [main] o.s.c.s.PostProcessorRegistrationDelegate$BeanPostProcessorChecker - Bean 'configurationPropertiesRebinderAutoConfiguration' of type [org.springframework.cloud.autoconfigure.ConfigurationPropertiesRebinderAutoConfiguration$$EnhancerBySpringCGLIB$$a7f83b52] is not eligible for getting processed by all BeanPostProcessors (for example: not eligible for auto-proxying)
2020-10-12 14:44:12.015 INFO  [main] c.c.r.f.ForecastWeatherApplication - No active profile set, falling back to default profiles: default
2020-10-12 14:44:12.040 INFO  [main] o.s.b.w.s.c.AnnotationConfigServletWebServerApplicationContext - Refreshing org.springframework.boot.web.servlet.context.AnnotationConfigServletWebServerApplicationContext@5c669da8: startup date [Mon Oct 12 14:44:12 EEST 2020]; parent: org.springframework.context.annotation.AnnotationConfigApplicationContext@2d1ef81a
2020-10-12 14:44:13.509 INFO  [main] o.s.d.r.c.RepositoryConfigurationDelegate - Multiple Spring Data modules found, entering strict repository configuration mode!
2020-10-12 14:44:13.843 INFO  [main] o.s.cloud.context.scope.GenericScope - BeanFactory id=ff178f33-430d-338f-82e5-c17a03b3aa5e
2020-10-12 14:44:14.233 INFO  [main] o.s.c.s.PostProcessorRegistrationDelegate$BeanPostProcessorChecker - Bean 'org.springframework.cloud.autoconfigure.ConfigurationPropertiesRebinderAutoConfiguration' of type [org.springframework.cloud.autoconfigure.ConfigurationPropertiesRebinderAutoConfiguration$$EnhancerBySpringCGLIB$$a7f83b52] is not eligible for getting processed by all BeanPostProcessors (for example: not eligible for auto-proxying)
2020-10-12 14:44:14.856 INFO  [main] o.s.b.w.e.tomcat.TomcatWebServer - Tomcat initialized with port(s): 8080 (http)
2020-10-12 14:44:14.887 INFO  [main] o.a.catalina.core.StandardService - Starting service [Tomcat]
2020-10-12 14:44:14.887 INFO  [main] o.a.catalina.core.StandardEngine - Starting Servlet Engine: Apache Tomcat/8.5.34
2020-10-12 14:44:14.896 INFO  [localhost-startStop-1] o.a.c.core.AprLifecycleListener - The APR based Apache Tomcat Native library which allows optimal performance in production environments was not found on the java.library.path: [/Users/boburumurzokov/Library/Java/Extensions:/Library/Java/Extensions:/Network/Library/Java/Extensions:/System/Library/Java/Extensions:/usr/lib/java:.]
2020-10-12 14:44:15.040 INFO  [localhost-startStop-1] o.a.c.c.C.[Tomcat].[localhost].[/] - Initializing Spring embedded WebApplicationContext
2020-10-12 14:44:15.041 INFO  [localhost-startStop-1] o.s.web.context.ContextLoader - Root WebApplicationContext: initialization completed in 3001 ms
2020-10-12 14:44:15.474 INFO  [localhost-startStop-1] o.s.b.w.s.FilterRegistrationBean - Mapping filter: 'characterEncodingFilter' to: [/*]
2020-10-12 14:44:15.476 INFO  [localhost-startStop-1] o.s.b.w.s.FilterRegistrationBean - Mapping filter: 'hiddenHttpMethodFilter' to: [/*]
2020-10-12 14:44:15.476 INFO  [localhost-startStop-1] o.s.b.w.s.FilterRegistrationBean - Mapping filter: 'httpPutFormContentFilter' to: [/*]
2020-10-12 14:44:15.476 INFO  [localhost-startStop-1] o.s.b.w.s.FilterRegistrationBean - Mapping filter: 'requestContextFilter' to: [/*]
2020-10-12 14:44:15.477 INFO  [localhost-startStop-1] o.s.b.w.s.DelegatingFilterProxyRegistrationBean - Mapping filter: 'springSecurityFilterChain' to: [/*]
2020-10-12 14:44:15.478 INFO  [localhost-startStop-1] o.s.b.w.s.FilterRegistrationBean - Mapping filter: 'shallowEtagHeaderFilter' to urls: [/weather/*]
2020-10-12 14:44:15.479 INFO  [localhost-startStop-1] o.s.b.w.s.ServletRegistrationBean - Servlet dispatcherServlet mapped to [/]
2020-10-12 14:44:16.066 INFO  [main] o.s.w.s.m.m.a.RequestMappingHandlerMapping - Mapped "{[/weather/generateToken],methods=[POST]}" onto public com.cloudator.restapp.forecastweather.controller.dto.ServiceResponse<java.lang.String> com.cloudator.restapp.forecastweather.controller.ForecastWeatherController.generateToken(com.cloudator.restapp.forecastweather.controller.dto.ServiceRequest<java.lang.String>)
2020-10-12 14:44:16.067 INFO  [main] o.s.w.s.m.m.a.RequestMappingHandlerMapping - Mapped "{[/weather/data],methods=[POST]}" onto public com.cloudator.restapp.forecastweather.controller.dto.ServiceResponse<com.cloudator.restapp.forecastweather.model.ForecastWeatherMetrics> com.cloudator.restapp.forecastweather.controller.ForecastWeatherController.getForecastWeatherMetricForTheCity(com.cloudator.restapp.forecastweather.controller.dto.ServiceRequest<com.cloudator.restapp.forecastweather.model.City>)
2020-10-12 14:44:16.069 INFO  [main] o.s.w.s.m.m.a.RequestMappingHandlerMapping - Mapped "{[/swagger-resources/configuration/ui]}" onto public org.springframework.http.ResponseEntity<springfox.documentation.swagger.web.UiConfiguration> springfox.documentation.swagger.web.ApiResourceController.uiConfiguration()
2020-10-12 14:44:16.070 INFO  [main] o.s.w.s.m.m.a.RequestMappingHandlerMapping - Mapped "{[/swagger-resources/configuration/security]}" onto public org.springframework.http.ResponseEntity<springfox.documentation.swagger.web.SecurityConfiguration> springfox.documentation.swagger.web.ApiResourceController.securityConfiguration()
2020-10-12 14:44:16.070 INFO  [main] o.s.w.s.m.m.a.RequestMappingHandlerMapping - Mapped "{[/swagger-resources]}" onto public org.springframework.http.ResponseEntity<java.util.List<springfox.documentation.swagger.web.SwaggerResource>> springfox.documentation.swagger.web.ApiResourceController.swaggerResources()
2020-10-12 14:44:16.073 INFO  [main] o.s.w.s.m.m.a.RequestMappingHandlerMapping - Mapped "{[/error],produces=[text/html]}" onto public org.springframework.web.servlet.ModelAndView org.springframework.boot.autoconfigure.web.servlet.error.BasicErrorController.errorHtml(javax.servlet.http.HttpServletRequest,javax.servlet.http.HttpServletResponse)
2020-10-12 14:44:16.073 INFO  [main] o.s.w.s.m.m.a.RequestMappingHandlerMapping - Mapped "{[/error]}" onto public org.springframework.http.ResponseEntity<java.util.Map<java.lang.String, java.lang.Object>> org.springframework.boot.autoconfigure.web.servlet.error.BasicErrorController.error(javax.servlet.http.HttpServletRequest)
2020-10-12 14:44:16.182 INFO  [main] s.d.s.w.PropertySourcedRequestMappingHandlerMapping - Mapped URL path [/v2/api-docs] onto method [public org.springframework.http.ResponseEntity<springfox.documentation.spring.web.json.Json> springfox.documentation.swagger2.web.Swagger2Controller.getDocumentation(java.lang.String,javax.servlet.http.HttpServletRequest)]
2020-10-12 14:44:16.218 WARN  [main] o.s.c.n.a.ArchaiusAutoConfiguration - No spring.application.name found, defaulting to 'application'
2020-10-12 14:44:16.220 WARN  [main] c.n.c.sources.URLConfigurationSource - No URLs will be polled as dynamic configuration sources.
2020-10-12 14:44:16.220 INFO  [main] c.n.c.sources.URLConfigurationSource - To enable URLs as dynamic configuration sources, define System property archaius.configurationSource.additionalUrls or make config.properties available on classpath.
2020-10-12 14:44:16.224 WARN  [main] c.n.c.sources.URLConfigurationSource - No URLs will be polled as dynamic configuration sources.
2020-10-12 14:44:16.224 INFO  [main] c.n.c.sources.URLConfigurationSource - To enable URLs as dynamic configuration sources, define System property archaius.configurationSource.additionalUrls or make config.properties available on classpath.
2020-10-12 14:44:16.332 INFO  [main] o.s.w.s.h.SimpleUrlHandlerMapping - Mapped URL path [/**/favicon.ico] onto handler of type [class org.springframework.web.servlet.resource.ResourceHttpRequestHandler]
2020-10-12 14:44:16.608 INFO  [main] o.s.w.s.m.m.a.RequestMappingHandlerAdapter - Looking for @ControllerAdvice: org.springframework.boot.web.servlet.context.AnnotationConfigServletWebServerApplicationContext@5c669da8: startup date [Mon Oct 12 14:44:12 EEST 2020]; parent: org.springframework.context.annotation.AnnotationConfigApplicationContext@2d1ef81a
2020-10-12 14:44:16.671 INFO  [main] o.s.w.s.h.SimpleUrlHandlerMapping - Mapped URL path [/webjars/**] onto handler of type [class org.springframework.web.servlet.resource.ResourceHttpRequestHandler]
2020-10-12 14:44:16.671 INFO  [main] o.s.w.s.h.SimpleUrlHandlerMapping - Mapped URL path [/**] onto handler of type [class org.springframework.web.servlet.resource.ResourceHttpRequestHandler]
2020-10-12 14:44:17.560 INFO  [main] o.s.s.web.DefaultSecurityFilterChain - Creating filter chain: org.springframework.security.web.util.matcher.AnyRequestMatcher@1, [org.springframework.security.web.context.request.async.WebAsyncManagerIntegrationFilter@4844930a, org.springframework.security.web.context.SecurityContextPersistenceFilter@12952aff, org.springframework.security.web.header.HeaderWriterFilter@1a7cb3a4, org.springframework.security.web.authentication.logout.LogoutFilter@5c48b72c, org.springframework.security.web.authentication.www.BasicAuthenticationFilter@372461a9, org.springframework.security.web.savedrequest.RequestCacheAwareFilter@6c3f1658, org.springframework.security.web.servletapi.SecurityContextHolderAwareRequestFilter@71a4f441, org.springframework.security.web.authentication.AnonymousAuthenticationFilter@11f23203, org.springframework.security.web.session.SessionManagementFilter@54c60202, org.springframework.security.web.access.ExceptionTranslationFilter@16d0e521, org.springframework.security.web.access.intercept.FilterSecurityInterceptor@5e1a5f]
2020-10-12 14:44:17.695 INFO  [main] o.s.j.e.a.AnnotationMBeanExporter - Registering beans for JMX exposure on startup
2020-10-12 14:44:17.704 INFO  [main] o.s.j.e.a.AnnotationMBeanExporter - Bean with name 'refreshScope' has been autodetected for JMX exposure
2020-10-12 14:44:17.705 INFO  [main] o.s.j.e.a.AnnotationMBeanExporter - Bean with name 'configurationPropertiesRebinder' has been autodetected for JMX exposure
2020-10-12 14:44:17.706 INFO  [main] o.s.j.e.a.AnnotationMBeanExporter - Bean with name 'environmentManager' has been autodetected for JMX exposure
2020-10-12 14:44:17.708 INFO  [main] o.s.j.e.a.AnnotationMBeanExporter - Located managed bean 'environmentManager': registering with JMX server as MBean [org.springframework.cloud.context.environment:name=environmentManager,type=EnvironmentManager]
2020-10-12 14:44:17.718 INFO  [main] o.s.j.e.a.AnnotationMBeanExporter - Located managed bean 'refreshScope': registering with JMX server as MBean [org.springframework.cloud.context.scope.refresh:name=refreshScope,type=RefreshScope]
2020-10-12 14:44:17.726 INFO  [main] o.s.j.e.a.AnnotationMBeanExporter - Located managed bean 'configurationPropertiesRebinder': registering with JMX server as MBean [org.springframework.cloud.context.properties:name=configurationPropertiesRebinder,context=5c669da8,type=ConfigurationPropertiesRebinder]
2020-10-12 14:44:17.737 INFO  [main] o.s.c.s.DefaultLifecycleProcessor - Starting beans in phase 2147483647
2020-10-12 14:44:17.738 INFO  [main] s.d.s.w.p.DocumentationPluginsBootstrapper - Context refreshed
2020-10-12 14:44:17.779 INFO  [main] s.d.s.w.p.DocumentationPluginsBootstrapper - Found 1 custom documentation plugin(s)
2020-10-12 14:44:17.840 INFO  [main] s.d.s.w.s.ApiListingReferenceScanner - Scanning for api listing references
2020-10-12 14:44:18.145 INFO  [main] o.s.b.w.e.tomcat.TomcatWebServer - Tomcat started on port(s): 8080 (http) with context path ''
2020-10-12 14:44:18.152 INFO  [main] c.c.r.f.ForecastWeatherApplication - Started ForecastWeatherApplication in 26.956 seconds (JVM running for 33.041)
2020-10-12 14:44:23.524 INFO  [http-nio-8080-exec-1] o.a.c.c.C.[Tomcat].[localhost].[/] - Initializing Spring FrameworkServlet 'dispatcherServlet'
2020-10-12 14:44:23.525 INFO  [http-nio-8080-exec-1] o.s.web.servlet.DispatcherServlet - FrameworkServlet 'dispatcherServlet': initialization started
2020-10-12 14:44:23.545 INFO  [http-nio-8080-exec-1] o.s.web.servlet.DispatcherServlet - FrameworkServlet 'dispatcherServlet': initialization completed in 20 ms
2020-10-12 14:47:13.604 INFO  [Thread-59] o.s.b.w.s.c.AnnotationConfigServletWebServerApplicationContext - Closing org.springframework.boot.web.servlet.context.AnnotationConfigServletWebServerApplicationContext@5c669da8: startup date [Mon Oct 12 14:44:12 EEST 2020]; parent: org.springframework.context.annotation.AnnotationConfigApplicationContext@2d1ef81a
2020-10-12 14:47:13.643 INFO  [Thread-59] o.s.c.s.DefaultLifecycleProcessor - Stopping beans in phase 2147483647
2020-10-12 14:47:13.689 INFO  [Thread-59] o.s.j.e.a.AnnotationMBeanExporter - Unregistering JMX-exposed beans on shutdown
2020-10-12 14:47:13.690 INFO  [Thread-59] o.s.j.e.a.AnnotationMBeanExporter - Unregistering JMX-exposed beans
2020-10-12 14:47:13.727 WARN  [Thread-59] c.n.c.sources.URLConfigurationSource - No URLs will be polled as dynamic configuration sources.
2020-10-12 14:47:13.727 INFO  [Thread-59] c.n.c.sources.URLConfigurationSource - To enable URLs as dynamic configuration sources, define System property archaius.configurationSource.additionalUrls or make config.properties available on classpath.
2020-10-12 14:47:39.252 INFO  [main] o.s.c.a.AnnotationConfigApplicationContext - Refreshing org.springframework.context.annotation.AnnotationConfigApplicationContext@2f4948e4: startup date [Mon Oct 12 14:47:39 EEST 2020]; root of context hierarchy
2020-10-12 14:47:39.409 INFO  [main] o.s.c.s.PostProcessorRegistrationDelegate$BeanPostProcessorChecker - Bean 'configurationPropertiesRebinderAutoConfiguration' of type [org.springframework.cloud.autoconfigure.ConfigurationPropertiesRebinderAutoConfiguration$$EnhancerBySpringCGLIB$$7f1d128a] is not eligible for getting processed by all BeanPostProcessors (for example: not eligible for auto-proxying)
2020-10-12 14:47:49.530 INFO  [main] c.c.r.f.ForecastWeatherApplication - No active profile set, falling back to default profiles: default
2020-10-12 14:47:49.545 INFO  [main] o.s.b.w.s.c.AnnotationConfigServletWebServerApplicationContext - Refreshing org.springframework.boot.web.servlet.context.AnnotationConfigServletWebServerApplicationContext@3eb81efb: startup date [Mon Oct 12 14:47:49 EEST 2020]; parent: org.springframework.context.annotation.AnnotationConfigApplicationContext@2f4948e4
2020-10-12 14:47:50.162 INFO  [main] o.s.d.r.c.RepositoryConfigurationDelegate - Multiple Spring Data modules found, entering strict repository configuration mode!
2020-10-12 14:47:50.503 INFO  [main] o.s.cloud.context.scope.GenericScope - BeanFactory id=ff178f33-430d-338f-82e5-c17a03b3aa5e
2020-10-12 14:47:51.049 INFO  [main] o.s.c.s.PostProcessorRegistrationDelegate$BeanPostProcessorChecker - Bean 'org.springframework.cloud.autoconfigure.ConfigurationPropertiesRebinderAutoConfiguration' of type [org.springframework.cloud.autoconfigure.ConfigurationPropertiesRebinderAutoConfiguration$$EnhancerBySpringCGLIB$$7f1d128a] is not eligible for getting processed by all BeanPostProcessors (for example: not eligible for auto-proxying)
2020-10-12 14:47:51.701 INFO  [main] o.s.b.w.e.tomcat.TomcatWebServer - Tomcat initialized with port(s): 8080 (http)
2020-10-12 14:47:51.737 INFO  [main] o.a.catalina.core.StandardService - Starting service [Tomcat]
2020-10-12 14:47:51.738 INFO  [main] o.a.catalina.core.StandardEngine - Starting Servlet Engine: Apache Tomcat/8.5.34
2020-10-12 14:47:51.748 INFO  [localhost-startStop-1] o.a.c.core.AprLifecycleListener - The APR based Apache Tomcat Native library which allows optimal performance in production environments was not found on the java.library.path: [/Users/boburumurzokov/Library/Java/Extensions:/Library/Java/Extensions:/Network/Library/Java/Extensions:/System/Library/Java/Extensions:/usr/lib/java:.]
2020-10-12 14:47:51.899 INFO  [localhost-startStop-1] o.a.c.c.C.[Tomcat].[localhost].[/] - Initializing Spring embedded WebApplicationContext
2020-10-12 14:47:51.899 INFO  [localhost-startStop-1] o.s.web.context.ContextLoader - Root WebApplicationContext: initialization completed in 2354 ms
2020-10-12 14:47:52.228 INFO  [localhost-startStop-1] o.s.b.w.s.FilterRegistrationBean - Mapping filter: 'characterEncodingFilter' to: [/*]
2020-10-12 14:47:52.229 INFO  [localhost-startStop-1] o.s.b.w.s.FilterRegistrationBean - Mapping filter: 'hiddenHttpMethodFilter' to: [/*]
2020-10-12 14:47:52.229 INFO  [localhost-startStop-1] o.s.b.w.s.FilterRegistrationBean - Mapping filter: 'httpPutFormContentFilter' to: [/*]
2020-10-12 14:47:52.229 INFO  [localhost-startStop-1] o.s.b.w.s.FilterRegistrationBean - Mapping filter: 'requestContextFilter' to: [/*]
2020-10-12 14:47:52.229 INFO  [localhost-startStop-1] o.s.b.w.s.DelegatingFilterProxyRegistrationBean - Mapping filter: 'springSecurityFilterChain' to: [/*]
2020-10-12 14:47:52.230 INFO  [localhost-startStop-1] o.s.b.w.s.FilterRegistrationBean - Mapping filter: 'shallowEtagHeaderFilter' to urls: [/weather/*]
2020-10-12 14:47:52.230 INFO  [localhost-startStop-1] o.s.b.w.s.ServletRegistrationBean - Servlet dispatcherServlet mapped to [/]
2020-10-12 14:47:52.745 INFO  [main] o.s.w.s.m.m.a.RequestMappingHandlerMapping - Mapped "{[/weather/generateToken],methods=[POST]}" onto public com.cloudator.restapp.forecastweather.controller.dto.ServiceResponse<java.lang.String> com.cloudator.restapp.forecastweather.controller.ForecastWeatherController.generateToken(com.cloudator.restapp.forecastweather.controller.dto.ServiceRequest<java.lang.String>)
2020-10-12 14:47:52.746 INFO  [main] o.s.w.s.m.m.a.RequestMappingHandlerMapping - Mapped "{[/weather/data],methods=[POST]}" onto public com.cloudator.restapp.forecastweather.controller.dto.ServiceResponse<com.cloudator.restapp.forecastweather.model.ForecastWeatherMetrics> com.cloudator.restapp.forecastweather.controller.ForecastWeatherController.getForecastWeatherMetricForTheCity(com.cloudator.restapp.forecastweather.controller.dto.ServiceRequest<com.cloudator.restapp.forecastweather.model.City>)
2020-10-12 14:47:52.748 INFO  [main] o.s.w.s.m.m.a.RequestMappingHandlerMapping - Mapped "{[/swagger-resources/configuration/ui]}" onto public org.springframework.http.ResponseEntity<springfox.documentation.swagger.web.UiConfiguration> springfox.documentation.swagger.web.ApiResourceController.uiConfiguration()
2020-10-12 14:47:52.748 INFO  [main] o.s.w.s.m.m.a.RequestMappingHandlerMapping - Mapped "{[/swagger-resources/configuration/security]}" onto public org.springframework.http.ResponseEntity<springfox.documentation.swagger.web.SecurityConfiguration> springfox.documentation.swagger.web.ApiResourceController.securityConfiguration()
2020-10-12 14:47:52.749 INFO  [main] o.s.w.s.m.m.a.RequestMappingHandlerMapping - Mapped "{[/swagger-resources]}" onto public org.springframework.http.ResponseEntity<java.util.List<springfox.documentation.swagger.web.SwaggerResource>> springfox.documentation.swagger.web.ApiResourceController.swaggerResources()
2020-10-12 14:47:52.751 INFO  [main] o.s.w.s.m.m.a.RequestMappingHandlerMapping - Mapped "{[/error]}" onto public org.springframework.http.ResponseEntity<java.util.Map<java.lang.String, java.lang.Object>> org.springframework.boot.autoconfigure.web.servlet.error.BasicErrorController.error(javax.servlet.http.HttpServletRequest)
2020-10-12 14:47:52.751 INFO  [main] o.s.w.s.m.m.a.RequestMappingHandlerMapping - Mapped "{[/error],produces=[text/html]}" onto public org.springframework.web.servlet.ModelAndView org.springframework.boot.autoconfigure.web.servlet.error.BasicErrorController.errorHtml(javax.servlet.http.HttpServletRequest,javax.servlet.http.HttpServletResponse)
2020-10-12 14:47:52.884 INFO  [main] s.d.s.w.PropertySourcedRequestMappingHandlerMapping - Mapped URL path [/v2/api-docs] onto method [public org.springframework.http.ResponseEntity<springfox.documentation.spring.web.json.Json> springfox.documentation.swagger2.web.Swagger2Controller.getDocumentation(java.lang.String,javax.servlet.http.HttpServletRequest)]
2020-10-12 14:47:52.922 WARN  [main] o.s.c.n.a.ArchaiusAutoConfiguration - No spring.application.name found, defaulting to 'application'
2020-10-12 14:47:52.925 WARN  [main] c.n.c.sources.URLConfigurationSource - No URLs will be polled as dynamic configuration sources.
2020-10-12 14:47:52.925 INFO  [main] c.n.c.sources.URLConfigurationSource - To enable URLs as dynamic configuration sources, define System property archaius.configurationSource.additionalUrls or make config.properties available on classpath.
2020-10-12 14:47:52.928 WARN  [main] c.n.c.sources.URLConfigurationSource - No URLs will be polled as dynamic configuration sources.
2020-10-12 14:47:52.928 INFO  [main] c.n.c.sources.URLConfigurationSource - To enable URLs as dynamic configuration sources, define System property archaius.configurationSource.additionalUrls or make config.properties available on classpath.
2020-10-12 14:47:53.004 INFO  [main] o.s.w.s.h.SimpleUrlHandlerMapping - Mapped URL path [/**/favicon.ico] onto handler of type [class org.springframework.web.servlet.resource.ResourceHttpRequestHandler]
2020-10-12 14:47:53.189 INFO  [main] o.s.w.s.m.m.a.RequestMappingHandlerAdapter - Looking for @ControllerAdvice: org.springframework.boot.web.servlet.context.AnnotationConfigServletWebServerApplicationContext@3eb81efb: startup date [Mon Oct 12 14:47:49 EEST 2020]; parent: org.springframework.context.annotation.AnnotationConfigApplicationContext@2f4948e4
2020-10-12 14:47:53.239 INFO  [main] o.s.w.s.h.SimpleUrlHandlerMapping - Mapped URL path [/webjars/**] onto handler of type [class org.springframework.web.servlet.resource.ResourceHttpRequestHandler]
2020-10-12 14:47:53.239 INFO  [main] o.s.w.s.h.SimpleUrlHandlerMapping - Mapped URL path [/**] onto handler of type [class org.springframework.web.servlet.resource.ResourceHttpRequestHandler]
2020-10-12 14:47:53.923 INFO  [main] o.s.s.web.DefaultSecurityFilterChain - Creating filter chain: org.springframework.security.web.util.matcher.AnyRequestMatcher@1, [org.springframework.security.web.context.request.async.WebAsyncManagerIntegrationFilter@fb5aeed, org.springframework.security.web.context.SecurityContextPersistenceFilter@13866329, org.springframework.security.web.header.HeaderWriterFilter@110e9982, org.springframework.security.web.authentication.logout.LogoutFilter@2f9dda71, org.springframework.security.web.authentication.www.BasicAuthenticationFilter@67688110, org.springframework.security.web.savedrequest.RequestCacheAwareFilter@5c48b72c, org.springframework.security.web.servletapi.SecurityContextHolderAwareRequestFilter@48cb2d73, org.springframework.security.web.authentication.AnonymousAuthenticationFilter@73893ec1, org.springframework.security.web.session.SessionManagementFilter@1625789b, org.springframework.security.web.access.ExceptionTranslationFilter@3b78c683, org.springframework.security.web.access.intercept.FilterSecurityInterceptor@60dc1a4e]
2020-10-12 14:47:54.045 INFO  [main] o.s.j.e.a.AnnotationMBeanExporter - Registering beans for JMX exposure on startup
2020-10-12 14:47:54.053 INFO  [main] o.s.j.e.a.AnnotationMBeanExporter - Bean with name 'refreshScope' has been autodetected for JMX exposure
2020-10-12 14:47:54.055 INFO  [main] o.s.j.e.a.AnnotationMBeanExporter - Bean with name 'configurationPropertiesRebinder' has been autodetected for JMX exposure
2020-10-12 14:47:54.056 INFO  [main] o.s.j.e.a.AnnotationMBeanExporter - Bean with name 'environmentManager' has been autodetected for JMX exposure
2020-10-12 14:47:54.059 INFO  [main] o.s.j.e.a.AnnotationMBeanExporter - Located managed bean 'environmentManager': registering with JMX server as MBean [org.springframework.cloud.context.environment:name=environmentManager,type=EnvironmentManager]
2020-10-12 14:47:54.070 INFO  [main] o.s.j.e.a.AnnotationMBeanExporter - Located managed bean 'refreshScope': registering with JMX server as MBean [org.springframework.cloud.context.scope.refresh:name=refreshScope,type=RefreshScope]
2020-10-12 14:47:54.080 INFO  [main] o.s.j.e.a.AnnotationMBeanExporter - Located managed bean 'configurationPropertiesRebinder': registering with JMX server as MBean [org.springframework.cloud.context.properties:name=configurationPropertiesRebinder,context=3eb81efb,type=ConfigurationPropertiesRebinder]
2020-10-12 14:47:54.088 INFO  [main] o.s.c.s.DefaultLifecycleProcessor - Starting beans in phase 2147483647
2020-10-12 14:47:54.088 INFO  [main] s.d.s.w.p.DocumentationPluginsBootstrapper - Context refreshed
2020-10-12 14:47:54.103 INFO  [main] s.d.s.w.p.DocumentationPluginsBootstrapper - Found 1 custom documentation plugin(s)
2020-10-12 14:47:54.140 INFO  [main] s.d.s.w.s.ApiListingReferenceScanner - Scanning for api listing references
2020-10-12 14:47:54.423 INFO  [main] o.s.b.w.e.tomcat.TomcatWebServer - Tomcat started on port(s): 8080 (http) with context path ''
2020-10-12 14:47:54.427 INFO  [main] c.c.r.f.ForecastWeatherApplication - Started ForecastWeatherApplication in 25.511 seconds (JVM running for 31.226)
2020-10-12 14:48:39.517 INFO  [http-nio-8080-exec-1] o.a.c.c.C.[Tomcat].[localhost].[/] - Initializing Spring FrameworkServlet 'dispatcherServlet'
2020-10-12 14:48:39.518 INFO  [http-nio-8080-exec-1] o.s.web.servlet.DispatcherServlet - FrameworkServlet 'dispatcherServlet': initialization started
2020-10-12 14:48:39.539 INFO  [http-nio-8080-exec-1] o.s.web.servlet.DispatcherServlet - FrameworkServlet 'dispatcherServlet': initialization completed in 21 ms
2020-10-12 14:48:40.251 INFO  [http-nio-8080-exec-1] c.c.r.f.s.OpenWeatherSourceProviderImpl - ForecastWeatherServiceImpl.day
2020-10-12 14:48:40.253 INFO  [http-nio-8080-exec-1] c.c.r.f.s.OpenWeatherSourceProviderImpl - from=2020-10-12T09:00, to=2020-10-12T12:00, temperature=12.77
2020-10-12 14:48:40.253 INFO  [http-nio-8080-exec-1] c.c.r.f.s.OpenWeatherSourceProviderImpl - from=2020-10-12T12:00, to=2020-10-12T15:00, temperature=11.65
2020-10-12 14:48:40.254 INFO  [http-nio-8080-exec-1] c.c.r.f.s.OpenWeatherSourceProviderImpl - from=2020-10-12T15:00, to=2020-10-12T18:00, temperature=11.33
2020-10-12 14:48:40.254 INFO  [http-nio-8080-exec-1] c.c.r.f.s.OpenWeatherSourceProviderImpl - from=2020-10-12T18:00, to=2020-10-12T21:00, temperature=10.85
2020-10-12 14:48:40.254 INFO  [http-nio-8080-exec-1] c.c.r.f.s.OpenWeatherSourceProviderImpl - from=2020-10-12T21:00, to=2020-10-13T00:00, temperature=10.94
2020-10-12 14:48:40.254 INFO  [http-nio-8080-exec-1] c.c.r.f.s.OpenWeatherSourceProviderImpl - from=2020-10-13T18:00, to=2020-10-13T21:00, temperature=10.65
2020-10-12 14:48:40.254 INFO  [http-nio-8080-exec-1] c.c.r.f.s.OpenWeatherSourceProviderImpl - from=2020-10-13T21:00, to=2020-10-14T00:00, temperature=10.97
2020-10-12 14:48:40.254 INFO  [http-nio-8080-exec-1] c.c.r.f.s.OpenWeatherSourceProviderImpl - from=2020-10-14T00:00, to=2020-10-14T03:00, temperature=10.83
2020-10-12 14:48:40.254 INFO  [http-nio-8080-exec-1] c.c.r.f.s.OpenWeatherSourceProviderImpl - from=2020-10-14T03:00, to=2020-10-14T06:00, temperature=10.12
2020-10-12 14:48:40.254 INFO  [http-nio-8080-exec-1] c.c.r.f.s.OpenWeatherSourceProviderImpl - from=2020-10-14T06:00, to=2020-10-14T09:00, temperature=12.29
2020-10-12 14:48:40.254 INFO  [http-nio-8080-exec-1] c.c.r.f.s.OpenWeatherSourceProviderImpl - from=2020-10-14T09:00, to=2020-10-14T12:00, temperature=14.64
2020-10-12 14:48:40.254 INFO  [http-nio-8080-exec-1] c.c.r.f.s.OpenWeatherSourceProviderImpl - from=2020-10-14T12:00, to=2020-10-14T15:00, temperature=14.32
2020-10-12 14:48:40.255 INFO  [http-nio-8080-exec-1] c.c.r.f.s.OpenWeatherSourceProviderImpl - from=2020-10-14T15:00, to=2020-10-14T18:00, temperature=12.3
2020-10-12 14:48:40.255 INFO  [http-nio-8080-exec-1] c.c.r.f.s.OpenWeatherSourceProviderImpl - from=2020-10-14T18:00, to=2020-10-14T21:00, temperature=11.12
2020-10-12 14:48:40.255 INFO  [http-nio-8080-exec-1] c.c.r.f.s.OpenWeatherSourceProviderImpl - from=2020-10-14T21:00, to=2020-10-15T00:00, temperature=10.1
2020-10-12 14:48:40.255 INFO  [http-nio-8080-exec-1] c.c.r.f.s.OpenWeatherSourceProviderImpl - from=2020-10-15T00:00, to=2020-10-15T03:00, temperature=10.06
2020-10-12 14:48:40.255 INFO  [http-nio-8080-exec-1] c.c.r.f.s.OpenWeatherSourceProviderImpl - from=2020-10-15T06:00, to=2020-10-15T09:00, temperature=10.69
2020-10-12 14:48:40.255 INFO  [http-nio-8080-exec-1] c.c.r.f.s.OpenWeatherSourceProviderImpl - from=2020-10-15T09:00, to=2020-10-15T12:00, temperature=12.1
2020-10-12 14:48:40.255 INFO  [http-nio-8080-exec-1] c.c.r.f.s.OpenWeatherSourceProviderImpl - from=2020-10-15T12:00, to=2020-10-15T15:00, temperature=12.84
2020-10-12 14:48:40.255 INFO  [http-nio-8080-exec-1] c.c.r.f.s.OpenWeatherSourceProviderImpl - from=2020-10-15T15:00, to=2020-10-15T18:00, temperature=10.58
2020-10-12 14:48:40.255 INFO  [http-nio-8080-exec-1] c.c.r.f.s.OpenWeatherSourceProviderImpl - from=2020-10-16T09:00, to=2020-10-16T12:00, temperature=12.69
2020-10-12 14:48:40.255 INFO  [http-nio-8080-exec-1] c.c.r.f.s.OpenWeatherSourceProviderImpl - from=2020-10-16T12:00, to=2020-10-16T15:00, temperature=12.43
2020-10-12 14:48:40.255 INFO  [http-nio-8080-exec-1] c.c.r.f.s.OpenWeatherSourceProviderImpl - from=2020-10-16T15:00, to=2020-10-16T18:00, temperature=10.76
2020-10-12 14:48:57.232 INFO  [Thread-57] o.s.b.w.s.c.AnnotationConfigServletWebServerApplicationContext - Closing org.springframework.boot.web.servlet.context.AnnotationConfigServletWebServerApplicationContext@3eb81efb: startup date [Mon Oct 12 14:47:49 EEST 2020]; parent: org.springframework.context.annotation.AnnotationConfigApplicationContext@2f4948e4
2020-10-12 14:48:57.235 INFO  [Thread-57] o.s.c.s.DefaultLifecycleProcessor - Stopping beans in phase 2147483647
2020-10-12 14:48:57.268 INFO  [Thread-57] o.s.j.e.a.AnnotationMBeanExporter - Unregistering JMX-exposed beans on shutdown
2020-10-12 14:48:57.269 INFO  [Thread-57] o.s.j.e.a.AnnotationMBeanExporter - Unregistering JMX-exposed beans
2020-10-12 14:48:57.285 WARN  [Thread-57] c.n.c.sources.URLConfigurationSource - No URLs will be polled as dynamic configuration sources.
2020-10-12 14:48:57.285 INFO  [Thread-57] c.n.c.sources.URLConfigurationSource - To enable URLs as dynamic configuration sources, define System property archaius.configurationSource.additionalUrls or make config.properties available on classpath.
